Using pre-set license
Built from '2020.3/china_unity/release' branch; Version is '2020.3.14f1c1 (ed787cdc2846) revision 15562876'; Using compiler version '192528614'; Build Type 'Release'
OS: 'Windows 10 Home China; OS build 19043.1706; Version 2009; 64bit' Language: 'zh' Physical Memory: 32065 MB
BatchMode: 1, IsHumanControllingUs: 0, StartBugReporterOnCrash: 0, Is64bit: 1, IsPro: 0

 COMMAND LINE ARGUMENTS:
E:\E_resource\2020.3.14f1c1\Editor\Unity.exe
-adb2
-batchMode
-noUpm
-name
AssetImportWorker0
-projectPath
D:/D_storage/github/Unity Playground
-logFile
Logs/AssetImportWorker0.log
-srvPort
13728
Successfully changed project path to: D:/D_storage/github/Unity Playground
D:/D_storage/github/Unity Playground
Using Asset Import Pipeline V2.
Refreshing native plugins compatible for Editor in 44.03 ms, found 3 plugins.
Preloading 0 native plugins for Editor in 0.00 ms.
Initialize engine version: 2020.3.14f1c1 (ed787cdc2846)
[Subsystems] Discovering subsystems at path E:/E_resource/2020.3.14f1c1/Editor/Data/Resources/UnitySubsystems
[Subsystems] Discovering subsystems at path D:/D_storage/github/Unity Playground/Assets
GfxDevice: creating device client; threaded=0
Direct3D:
    Version:  Direct3D 11.0 [level 11.1]
    Renderer: AMD Radeon(TM) Graphics (ID=0x1638)
    Vendor:   
    VRAM:     16032 MB
    Driver:   30.0.13024.4001
Initialize mono
Mono path[0] = 'E:/E_resource/2020.3.14f1c1/Editor/Data/Managed'
Mono path[1] = 'E:/E_resource/2020.3.14f1c1/Editor/Data/MonoBleedingEdge/lib/mono/unityjit'
Mono config path = 'E:/E_resource/2020.3.14f1c1/Editor/Data/MonoBleedingEdge/etc'
Using monoOptions --debugger-agent=transport=dt_socket,embedding=1,server=y,suspend=n,address=127.0.0.1:56056
Begin MonoManager ReloadAssembly
Registering precompiled unity dll's ...
Register platform support module: E:/E_resource/2020.3.14f1c1/Editor/Data/PlaybackEngines/WebGLSupport/UnityEditor.WebGL.Extensions.dll
Register platform support module: E:/E_resource/2020.3.14f1c1/Editor/Data/PlaybackEngines/WindowsStandaloneSupport/UnityEditor.WindowsStandalone.Extensions.dll
Register platform support module: E:/E_resource/2020.3.14f1c1/Editor/Data/PlaybackEngines/LinuxStandaloneSupport/UnityEditor.LinuxStandalone.Extensions.dll
Registered in 0.001576 seconds.
Native extension for LinuxStandalone target not found
Native extension for WindowsStandalone target not found
Native extension for WebGL target not found
Refreshing native plugins compatible for Editor in 39.55 ms, found 3 plugins.
Preloading 0 native plugins for Editor in 0.00 ms.
Mono: successfully reloaded assembly
- Completed reload, in  1.152 seconds
Domain Reload Profiling:
	ReloadAssembly (1152ms)
		BeginReloadAssembly (44ms)
			ExecutionOrderSort (0ms)
			DisableScriptedObjects (0ms)
			BackupInstance (0ms)
			ReleaseScriptingObjects (0ms)
			CreateAndSetChildDomain (2ms)
		EndReloadAssembly (314ms)
			LoadAssemblies (42ms)
			RebuildTransferFunctionScriptingTraits (0ms)
			SetupTypeCache (107ms)
			ReleaseScriptCaches (0ms)
			RebuildScriptCaches (19ms)
			SetupLoadedEditorAssemblies (134ms)
				LogAssemblyErrors (0ms)
				InitializePlatformSupportModulesInManaged (4ms)
				SetLoadedEditorAssemblies (0ms)
				RefreshPlugins (40ms)
				BeforeProcessingInitializeOnLoad (8ms)
				ProcessInitializeOnLoadAttributes (61ms)
				ProcessInitializeOnLoadMethodAttributes (21ms)
				AfterProcessingInitializeOnLoad (0ms)
				EditorAssembliesLoaded (0ms)
			ExecutionOrderSort2 (0ms)
			AwakeInstancesAfterBackupRestoration (0ms)
Platform modules already initialized, skipping
Registering precompiled user dll's ...
Registered in 0.005747 seconds.
Begin MonoManager ReloadAssembly
Native extension for LinuxStandalone target not found
Native extension for WindowsStandalone target not found
Native extension for WebGL target not found
Refreshing native plugins compatible for Editor in 38.46 ms, found 3 plugins.
Preloading 0 native plugins for Editor in 0.00 ms.
Can't find custom attr constructor image: D:\D_storage\github\Unity Playground\Library\PackageCache\com.unity.ads@3.4.4\Editor\UnityEditor.Advertisements.dll mtoken: 0x0a00000f due to:  assembly:E:\E_resource\2020.3.14f1c1\Editor\Data\Managed\UnityEngine\UnityEngine.CoreModule.dll type:UnityAPICompatibilityVersionAttribute member:void {0}(string,string[]) signature:.ctor
Mono: successfully reloaded assembly
- Completed reload, in  0.849 seconds
Domain Reload Profiling:
	ReloadAssembly (850ms)
		BeginReloadAssembly (106ms)
			ExecutionOrderSort (0ms)
			DisableScriptedObjects (4ms)
			BackupInstance (0ms)
			ReleaseScriptingObjects (0ms)
			CreateAndSetChildDomain (17ms)
		EndReloadAssembly (699ms)
			LoadAssemblies (74ms)
			RebuildTransferFunctionScriptingTraits (0ms)
			SetupTypeCache (222ms)
			ReleaseScriptCaches (1ms)
			RebuildScriptCaches (36ms)
			SetupLoadedEditorAssemblies (279ms)
				LogAssemblyErrors (0ms)
				InitializePlatformSupportModulesInManaged (5ms)
				SetLoadedEditorAssemblies (0ms)
				RefreshPlugins (39ms)
				BeforeProcessingInitializeOnLoad (74ms)
				ProcessInitializeOnLoadAttributes (149ms)
				ProcessInitializeOnLoadMethodAttributes (11ms)
				AfterProcessingInitializeOnLoad (2ms)
				EditorAssembliesLoaded (0ms)
			ExecutionOrderSort2 (0ms)
			AwakeInstancesAfterBackupRestoration (5ms)
Platform modules already initialized, skipping
========================================================================
Worker process is ready to serve import requests
Launched and connected shader compiler UnityShaderCompiler.exe after 0.54 seconds
Refreshing native plugins compatible for Editor in 0.70 ms, found 3 plugins.
Preloading 0 native plugins for Editor in 0.00 ms.
Unloading 2480 Unused Serialized files (Serialized files now loaded: 0)
System memory in use before: 107.2 MB.
System memory in use after: 107.4 MB.

Unloading 54 unused Assets to reduce memory usage. Loaded Objects now: 2899.
Total: 2.260900 ms (FindLiveObjects: 0.268200 ms CreateObjectMapping: 0.070700 ms MarkObjects: 1.851400 ms  DeleteObjects: 0.069500 ms)

AssetImportParameters requested are different than current active one (requested -> active):
  custom:framework-win-MediaFoundation: 216162199b28c13a410421893ffa2e32 -> 
  custom:video-decoder-ogg-theora: a1e56fd34408186e4bbccfd4996cb3dc -> 
  custom:container-muxer-webm: aa71ff27fc2769a1b78a27578f13a17b -> 
  custom:container-demuxer-webm: 4f35f7cbe854078d1ac9338744f61a02 -> 
  custom:container-demuxer-ogg: 62fdf1f143b41e24485cea50d1cbac27 -> 
  custom:video-encoder-webm-vp8: eb34c28f22e8b96e1ab97ce403110664 -> 
  custom:video-decoder-webm-vp8: 9c59270c3fd7afecdb556c50c9e8de78 -> 
  custom:audio-decoder-ogg-vorbis: bf7c407c2cedff20999df2af8eb42d56 -> 
  custom:audio-encoder-webm-vorbis: bf7c407c2cedff20999df2af8eb42d56 -> 
========================================================================
Received Import Request.
  path: Assets/_INTERNAL_/Gizmos/ActionConsumeResource.png
  artifactKey: Guid(62049481b4b534a50884f6a2a140a0b2) Importer(815301076,1909f56bfc062723c751e8b465ee728b)
Start importing Assets/_INTERNAL_/Gizmos/ActionConsumeResource.png using Guid(62049481b4b534a50884f6a2a140a0b2) Importer(815301076,1909f56bfc062723c751e8b465ee728b)  -> (artifact id: '9b8772ce160c5942c8daff2ee79f9e6a') in 0.089360 seconds 
  Import took 0.092993 seconds .

========================================================================
Received Prepare
Refreshing native plugins compatible for Editor in 6.44 ms, found 3 plugins.
Preloading 0 native plugins for Editor in 0.00 ms.
Unloading 40 Unused Serialized files (Serialized files now loaded: 0)
System memory in use before: 58.4 MB.
System memory in use after: 58.6 MB.

Unloading 40 unused Assets to reduce memory usage. Loaded Objects now: 2901.
Total: 2.922000 ms (FindLiveObjects: 0.240000 ms CreateObjectMapping: 0.069200 ms MarkObjects: 2.588700 ms  DeleteObjects: 0.023300 ms)

AssetImportParameters requested are different than current active one (requested -> active):
  custom:framework-win-MediaFoundation: 216162199b28c13a410421893ffa2e32 -> 
  custom:video-decoder-ogg-theora: a1e56fd34408186e4bbccfd4996cb3dc -> 
  custom:container-muxer-webm: aa71ff27fc2769a1b78a27578f13a17b -> 
  custom:container-demuxer-webm: 4f35f7cbe854078d1ac9338744f61a02 -> 
  custom:container-demuxer-ogg: 62fdf1f143b41e24485cea50d1cbac27 -> 
  custom:video-encoder-webm-vp8: eb34c28f22e8b96e1ab97ce403110664 -> 
  custom:video-decoder-webm-vp8: 9c59270c3fd7afecdb556c50c9e8de78 -> 
  custom:audio-decoder-ogg-vorbis: bf7c407c2cedff20999df2af8eb42d56 -> 
  custom:audio-encoder-webm-vorbis: bf7c407c2cedff20999df2af8eb42d56 -> 
========================================================================
Received Import Request.
  Time since last request: 63.390641 seconds.
  path: Assets/Images/GeometricShapes/Circle.png
  artifactKey: Guid(810ce5a8a90e54eae837c6c5ad4bb98e) Importer(815301076,1909f56bfc062723c751e8b465ee728b)
Start importing Assets/Images/GeometricShapes/Circle.png using Guid(810ce5a8a90e54eae837c6c5ad4bb98e) Importer(815301076,1909f56bfc062723c751e8b465ee728b)  -> (artifact id: '2cd65f7f6f55062450da5b39456a1196') in 0.040805 seconds 
  Import took 0.045293 seconds .

========================================================================
Received Import Request.
  Time since last request: 0.001191 seconds.
  path: Assets/Images/GeometricShapes/Circle.png
  artifactKey: Guid(810ce5a8a90e54eae837c6c5ad4bb98e) Importer(815301076,1909f56bfc062723c751e8b465ee728b)
Start importing Assets/Images/GeometricShapes/Circle.png using Guid(810ce5a8a90e54eae837c6c5ad4bb98e) Importer(815301076,1909f56bfc062723c751e8b465ee728b)  -> (artifact id: '2cd65f7f6f55062450da5b39456a1196') in 0.012903 seconds 
  Import took 0.016529 seconds .

========================================================================
Received Import Request.
  Time since last request: 17.529880 seconds.
  path: Assets/Images/GeometricShapes/Square.png
  artifactKey: Guid(a59159c4864834b6f924d22111b82134) Importer(815301076,1909f56bfc062723c751e8b465ee728b)
Start importing Assets/Images/GeometricShapes/Square.png using Guid(a59159c4864834b6f924d22111b82134) Importer(815301076,1909f56bfc062723c751e8b465ee728b)  -> (artifact id: '2068b7dbc6263c4f9603a098c613476b') in 0.014797 seconds 
  Import took 0.019196 seconds .

========================================================================
Received Import Request.
  Time since last request: 0.001362 seconds.
  path: Assets/Images/GeometricShapes/Square.png
  artifactKey: Guid(a59159c4864834b6f924d22111b82134) Importer(815301076,1909f56bfc062723c751e8b465ee728b)
Start importing Assets/Images/GeometricShapes/Square.png using Guid(a59159c4864834b6f924d22111b82134) Importer(815301076,1909f56bfc062723c751e8b465ee728b)  -> (artifact id: '2068b7dbc6263c4f9603a098c613476b') in 0.011831 seconds 
  Import took 0.015892 seconds .

========================================================================
Received Import Request.
  Time since last request: 110.229870 seconds.
  path: Assets/Images/GeometricShapes/Hexagon.png
  artifactKey: Guid(96d5a8d6b8803478a85ef0f85b581c6b) Importer(815301076,1909f56bfc062723c751e8b465ee728b)
Start importing Assets/Images/GeometricShapes/Hexagon.png using Guid(96d5a8d6b8803478a85ef0f85b581c6b) Importer(815301076,1909f56bfc062723c751e8b465ee728b)  -> (artifact id: 'd68983ee2371eab4c49882ea53def7ed') in 0.060021 seconds 
  Import took 0.064232 seconds .

========================================================================
Received Import Request.
  Time since last request: 0.000702 seconds.
  path: Assets/Images/GeometricShapes/RoundedSquare.png
  artifactKey: Guid(03e8c13697b6d472f99eba994a499a3e) Importer(815301076,1909f56bfc062723c751e8b465ee728b)
Start importing Assets/Images/GeometricShapes/RoundedSquare.png using Guid(03e8c13697b6d472f99eba994a499a3e) Importer(815301076,1909f56bfc062723c751e8b465ee728b)  -> (artifact id: 'd6085aabaa4c959039fa19cc0ab2c1d7') in 0.012492 seconds 
  Import took 0.015904 seconds .

========================================================================
Received Import Request.
  Time since last request: 0.000183 seconds.
  path: Assets/Images/GeometricShapes/Hexagon.png
  artifactKey: Guid(96d5a8d6b8803478a85ef0f85b581c6b) Importer(815301076,1909f56bfc062723c751e8b465ee728b)
Start importing Assets/Images/GeometricShapes/Hexagon.png using Guid(96d5a8d6b8803478a85ef0f85b581c6b) Importer(815301076,1909f56bfc062723c751e8b465ee728b)  -> (artifact id: 'd68983ee2371eab4c49882ea53def7ed') in 0.011520 seconds 
  Import took 0.015281 seconds .

========================================================================
Received Import Request.
  Time since last request: 0.000178 seconds.
  path: Assets/Images/GeometricShapes/Trapezoid.png
  artifactKey: Guid(50a6adcb0021f40e4937ddce93e90ffc) Importer(815301076,1909f56bfc062723c751e8b465ee728b)
Start importing Assets/Images/GeometricShapes/Trapezoid.png using Guid(50a6adcb0021f40e4937ddce93e90ffc) Importer(815301076,1909f56bfc062723c751e8b465ee728b)  -> (artifact id: '7e0d3bbeda55fb6323a02d301e100294') in 0.012874 seconds 
  Import took 0.017267 seconds .

========================================================================
Received Prepare
Registering precompiled user dll's ...
Registered in 0.005616 seconds.
Begin MonoManager ReloadAssembly
Native extension for LinuxStandalone target not found
Native extension for WindowsStandalone target not found
Native extension for WebGL target not found
Refreshing native plugins compatible for Editor in 0.73 ms, found 3 plugins.
Preloading 0 native plugins for Editor in 0.00 ms.
Can't find custom attr constructor image: D:\D_storage\github\Unity Playground\Library\PackageCache\com.unity.ads@3.4.4\Editor\UnityEditor.Advertisements.dll mtoken: 0x0a00000f due to:  assembly:E:\E_resource\2020.3.14f1c1\Editor\Data\Managed\UnityEngine\UnityEngine.CoreModule.dll type:UnityAPICompatibilityVersionAttribute member:void {0}(string,string[]) signature:.ctor
Mono: successfully reloaded assembly
- Completed reload, in  0.762 seconds
Domain Reload Profiling:
	ReloadAssembly (762ms)
		BeginReloadAssembly (108ms)
			ExecutionOrderSort (0ms)
			DisableScriptedObjects (5ms)
			BackupInstance (0ms)
			ReleaseScriptingObjects (0ms)
			CreateAndSetChildDomain (33ms)
		EndReloadAssembly (610ms)
			LoadAssemblies (74ms)
			RebuildTransferFunctionScriptingTraits (0ms)
			SetupTypeCache (209ms)
			ReleaseScriptCaches (1ms)
			RebuildScriptCaches (30ms)
			SetupLoadedEditorAssemblies (226ms)
				LogAssemblyErrors (0ms)
				InitializePlatformSupportModulesInManaged (5ms)
				SetLoadedEditorAssemblies (0ms)
				RefreshPlugins (1ms)
				BeforeProcessingInitializeOnLoad (77ms)
				ProcessInitializeOnLoadAttributes (136ms)
				ProcessInitializeOnLoadMethodAttributes (5ms)
				AfterProcessingInitializeOnLoad (2ms)
				EditorAssembliesLoaded (0ms)
			ExecutionOrderSort2 (0ms)
			AwakeInstancesAfterBackupRestoration (8ms)
Platform modules already initialized, skipping
Refreshing native plugins compatible for Editor in 0.66 ms, found 3 plugins.
Preloading 0 native plugins for Editor in 0.00 ms.
Unloading 2469 Unused Serialized files (Serialized files now loaded: 0)
System memory in use before: 109.7 MB.
System memory in use after: 109.9 MB.

Unloading 42 unused Assets to reduce memory usage. Loaded Objects now: 2911.
Total: 2.403800 ms (FindLiveObjects: 0.254500 ms CreateObjectMapping: 0.069900 ms MarkObjects: 2.048000 ms  DeleteObjects: 0.030400 ms)

AssetImportParameters requested are different than current active one (requested -> active):
  custom:framework-win-MediaFoundation: 216162199b28c13a410421893ffa2e32 -> 
  custom:video-decoder-ogg-theora: a1e56fd34408186e4bbccfd4996cb3dc -> 
  custom:container-muxer-webm: aa71ff27fc2769a1b78a27578f13a17b -> 
  custom:container-demuxer-webm: 4f35f7cbe854078d1ac9338744f61a02 -> 
  custom:container-demuxer-ogg: 62fdf1f143b41e24485cea50d1cbac27 -> 
  custom:video-encoder-webm-vp8: eb34c28f22e8b96e1ab97ce403110664 -> 
  custom:video-decoder-webm-vp8: 9c59270c3fd7afecdb556c50c9e8de78 -> 
  custom:audio-decoder-ogg-vorbis: bf7c407c2cedff20999df2af8eb42d56 -> 
  custom:audio-encoder-webm-vorbis: bf7c407c2cedff20999df2af8eb42d56 -> 
AssetImportWorkerClient::OnTransportError - code=2 error=End of file
